ARM GAS  /tmp/ccNEIhJd.s 			page 1


   1              		.cpu cortex-m4
   2              		.eabi_attribute 27, 1
   3              		.eabi_attribute 28, 1
   4              		.eabi_attribute 20, 1
   5              		.eabi_attribute 21, 1
   6              		.eabi_attribute 23, 3
   7              		.eabi_attribute 24, 1
   8              		.eabi_attribute 25, 1
   9              		.eabi_attribute 26, 1
  10              		.eabi_attribute 30, 1
  11              		.eabi_attribute 34, 1
  12              		.eabi_attribute 18, 4
  13              		.file	"stm32f3xx_hal_msp.c"
  14              		.text
  15              	.Ltext0:
  16              		.cfi_sections	.debug_frame
  17              		.section	.text.HAL_MspInit,"ax",%progbits
  18              		.align	1
  19              		.global	HAL_MspInit
  20              		.syntax unified
  21              		.thumb
  22              		.thumb_func
  23              		.fpu fpv4-sp-d16
  25              	HAL_MspInit:
  26              	.LFB130:
  27              		.file 1 "Src/stm32f3xx_hal_msp.c"
   1:Src/stm32f3xx_hal_msp.c **** /* USER CODE BEGIN Header */
   2:Src/stm32f3xx_hal_msp.c **** /**
   3:Src/stm32f3xx_hal_msp.c ****   ******************************************************************************
   4:Src/stm32f3xx_hal_msp.c ****   * File Name          : stm32f3xx_hal_msp.c
   5:Src/stm32f3xx_hal_msp.c ****   * Description        : This file provides code for the MSP Initialization 
   6:Src/stm32f3xx_hal_msp.c ****   *                      and de-Initialization codes.
   7:Src/stm32f3xx_hal_msp.c ****   ******************************************************************************
   8:Src/stm32f3xx_hal_msp.c ****   * @attention
   9:Src/stm32f3xx_hal_msp.c ****   *
  10:Src/stm32f3xx_hal_msp.c ****   * <h2><center>&copy; Copyright (c) 2020 STMicroelectronics.
  11:Src/stm32f3xx_hal_msp.c ****   * All rights reserved.</center></h2>
  12:Src/stm32f3xx_hal_msp.c ****   *
  13:Src/stm32f3xx_hal_msp.c ****   * This software component is licensed by ST under BSD 3-Clause license,
  14:Src/stm32f3xx_hal_msp.c ****   * the "License"; You may not use this file except in compliance with the
  15:Src/stm32f3xx_hal_msp.c ****   * License. You may obtain a copy of the License at:
  16:Src/stm32f3xx_hal_msp.c ****   *                        opensource.org/licenses/BSD-3-Clause
  17:Src/stm32f3xx_hal_msp.c ****   *
  18:Src/stm32f3xx_hal_msp.c ****   ******************************************************************************
  19:Src/stm32f3xx_hal_msp.c ****   */
  20:Src/stm32f3xx_hal_msp.c **** /* USER CODE END Header */
  21:Src/stm32f3xx_hal_msp.c **** 
  22:Src/stm32f3xx_hal_msp.c **** /* Includes ------------------------------------------------------------------*/
  23:Src/stm32f3xx_hal_msp.c **** #include "main.h"
  24:Src/stm32f3xx_hal_msp.c **** /* USER CODE BEGIN Includes */
  25:Src/stm32f3xx_hal_msp.c **** 
  26:Src/stm32f3xx_hal_msp.c **** /* USER CODE END Includes */
  27:Src/stm32f3xx_hal_msp.c **** 
  28:Src/stm32f3xx_hal_msp.c **** /* Private typedef -----------------------------------------------------------*/
  29:Src/stm32f3xx_hal_msp.c **** /* USER CODE BEGIN TD */
  30:Src/stm32f3xx_hal_msp.c **** 
  31:Src/stm32f3xx_hal_msp.c **** /* USER CODE END TD */
ARM GAS  /tmp/ccNEIhJd.s 			page 2


  32:Src/stm32f3xx_hal_msp.c **** 
  33:Src/stm32f3xx_hal_msp.c **** /* Private define ------------------------------------------------------------*/
  34:Src/stm32f3xx_hal_msp.c **** /* USER CODE BEGIN Define */
  35:Src/stm32f3xx_hal_msp.c ****  
  36:Src/stm32f3xx_hal_msp.c **** /* USER CODE END Define */
  37:Src/stm32f3xx_hal_msp.c **** 
  38:Src/stm32f3xx_hal_msp.c **** /* Private macro -------------------------------------------------------------*/
  39:Src/stm32f3xx_hal_msp.c **** /* USER CODE BEGIN Macro */
  40:Src/stm32f3xx_hal_msp.c **** 
  41:Src/stm32f3xx_hal_msp.c **** /* USER CODE END Macro */
  42:Src/stm32f3xx_hal_msp.c **** 
  43:Src/stm32f3xx_hal_msp.c **** /* Private variables ---------------------------------------------------------*/
  44:Src/stm32f3xx_hal_msp.c **** /* USER CODE BEGIN PV */
  45:Src/stm32f3xx_hal_msp.c **** 
  46:Src/stm32f3xx_hal_msp.c **** /* USER CODE END PV */
  47:Src/stm32f3xx_hal_msp.c **** 
  48:Src/stm32f3xx_hal_msp.c **** /* Private function prototypes -----------------------------------------------*/
  49:Src/stm32f3xx_hal_msp.c **** /* USER CODE BEGIN PFP */
  50:Src/stm32f3xx_hal_msp.c **** 
  51:Src/stm32f3xx_hal_msp.c **** /* USER CODE END PFP */
  52:Src/stm32f3xx_hal_msp.c **** 
  53:Src/stm32f3xx_hal_msp.c **** /* External functions --------------------------------------------------------*/
  54:Src/stm32f3xx_hal_msp.c **** /* USER CODE BEGIN ExternalFunctions */
  55:Src/stm32f3xx_hal_msp.c **** 
  56:Src/stm32f3xx_hal_msp.c **** /* USER CODE END ExternalFunctions */
  57:Src/stm32f3xx_hal_msp.c **** 
  58:Src/stm32f3xx_hal_msp.c **** /* USER CODE BEGIN 0 */
  59:Src/stm32f3xx_hal_msp.c **** 
  60:Src/stm32f3xx_hal_msp.c **** /* USER CODE END 0 */
  61:Src/stm32f3xx_hal_msp.c **** /**
  62:Src/stm32f3xx_hal_msp.c ****   * Initializes the Global MSP.
  63:Src/stm32f3xx_hal_msp.c ****   */
  64:Src/stm32f3xx_hal_msp.c **** void HAL_MspInit(void)
  65:Src/stm32f3xx_hal_msp.c **** {
  28              		.loc 1 65 0
  29              		.cfi_startproc
  30              		@ args = 0, pretend = 0, frame = 8
  31              		@ frame_needed = 0, uses_anonymous_args = 0
  32              		@ link register save eliminated.
  33 0000 82B0     		sub	sp, sp, #8
  34              	.LCFI0:
  35              		.cfi_def_cfa_offset 8
  36              	.LBB2:
  66:Src/stm32f3xx_hal_msp.c ****   /* USER CODE BEGIN MspInit 0 */
  67:Src/stm32f3xx_hal_msp.c **** 
  68:Src/stm32f3xx_hal_msp.c ****   /* USER CODE END MspInit 0 */
  69:Src/stm32f3xx_hal_msp.c **** 
  70:Src/stm32f3xx_hal_msp.c ****   __HAL_RCC_SYSCFG_CLK_ENABLE();
  37              		.loc 1 70 0
  38 0002 0A4B     		ldr	r3, .L3
  39 0004 9A69     		ldr	r2, [r3, #24]
  40 0006 42F00102 		orr	r2, r2, #1
  41 000a 9A61     		str	r2, [r3, #24]
  42 000c 9A69     		ldr	r2, [r3, #24]
  43 000e 02F00102 		and	r2, r2, #1
  44 0012 0092     		str	r2, [sp]
  45 0014 009A     		ldr	r2, [sp]
ARM GAS  /tmp/ccNEIhJd.s 			page 3


  46              	.LBE2:
  47              	.LBB3:
  71:Src/stm32f3xx_hal_msp.c ****   __HAL_RCC_PWR_CLK_ENABLE();
  48              		.loc 1 71 0
  49 0016 DA69     		ldr	r2, [r3, #28]
  50 0018 42F08052 		orr	r2, r2, #268435456
  51 001c DA61     		str	r2, [r3, #28]
  52 001e DB69     		ldr	r3, [r3, #28]
  53 0020 03F08053 		and	r3, r3, #268435456
  54 0024 0193     		str	r3, [sp, #4]
  55 0026 019B     		ldr	r3, [sp, #4]
  56              	.LBE3:
  72:Src/stm32f3xx_hal_msp.c **** 
  73:Src/stm32f3xx_hal_msp.c ****   /* System interrupt init*/
  74:Src/stm32f3xx_hal_msp.c **** 
  75:Src/stm32f3xx_hal_msp.c ****   /* USER CODE BEGIN MspInit 1 */
  76:Src/stm32f3xx_hal_msp.c **** 
  77:Src/stm32f3xx_hal_msp.c ****   /* USER CODE END MspInit 1 */
  78:Src/stm32f3xx_hal_msp.c **** }
  57              		.loc 1 78 0
  58 0028 02B0     		add	sp, sp, #8
  59              	.LCFI1:
  60              		.cfi_def_cfa_offset 0
  61              		@ sp needed
  62 002a 7047     		bx	lr
  63              	.L4:
  64              		.align	2
  65              	.L3:
  66 002c 00100240 		.word	1073876992
  67              		.cfi_endproc
  68              	.LFE130:
  70              		.section	.text.HAL_UART_MspInit,"ax",%progbits
  71              		.align	1
  72              		.global	HAL_UART_MspInit
  73              		.syntax unified
  74              		.thumb
  75              		.thumb_func
  76              		.fpu fpv4-sp-d16
  78              	HAL_UART_MspInit:
  79              	.LFB131:
  79:Src/stm32f3xx_hal_msp.c **** 
  80:Src/stm32f3xx_hal_msp.c **** /**
  81:Src/stm32f3xx_hal_msp.c **** * @brief UART MSP Initialization
  82:Src/stm32f3xx_hal_msp.c **** * This function configures the hardware resources used in this example
  83:Src/stm32f3xx_hal_msp.c **** * @param huart: UART handle pointer
  84:Src/stm32f3xx_hal_msp.c **** * @retval None
  85:Src/stm32f3xx_hal_msp.c **** */
  86:Src/stm32f3xx_hal_msp.c **** void HAL_UART_MspInit(UART_HandleTypeDef* huart)
  87:Src/stm32f3xx_hal_msp.c **** {
  80              		.loc 1 87 0
  81              		.cfi_startproc
  82              		@ args = 0, pretend = 0, frame = 32
  83              		@ frame_needed = 0, uses_anonymous_args = 0
  84              	.LVL0:
  85 0000 00B5     		push	{lr}
  86              	.LCFI2:
  87              		.cfi_def_cfa_offset 4
ARM GAS  /tmp/ccNEIhJd.s 			page 4


  88              		.cfi_offset 14, -4
  89 0002 89B0     		sub	sp, sp, #36
  90              	.LCFI3:
  91              		.cfi_def_cfa_offset 40
  88:Src/stm32f3xx_hal_msp.c ****   GPIO_InitTypeDef GPIO_InitStruct = {0};
  92              		.loc 1 88 0
  93 0004 0023     		movs	r3, #0
  94 0006 0393     		str	r3, [sp, #12]
  95 0008 0493     		str	r3, [sp, #16]
  96 000a 0593     		str	r3, [sp, #20]
  97 000c 0693     		str	r3, [sp, #24]
  98 000e 0793     		str	r3, [sp, #28]
  89:Src/stm32f3xx_hal_msp.c ****   if(huart->Instance==USART2)
  99              		.loc 1 89 0
 100 0010 0268     		ldr	r2, [r0]
 101 0012 134B     		ldr	r3, .L9
 102 0014 9A42     		cmp	r2, r3
 103 0016 02D0     		beq	.L8
 104              	.LVL1:
 105              	.L5:
  90:Src/stm32f3xx_hal_msp.c ****   {
  91:Src/stm32f3xx_hal_msp.c ****   /* USER CODE BEGIN USART2_MspInit 0 */
  92:Src/stm32f3xx_hal_msp.c **** 
  93:Src/stm32f3xx_hal_msp.c ****   /* USER CODE END USART2_MspInit 0 */
  94:Src/stm32f3xx_hal_msp.c ****     /* Peripheral clock enable */
  95:Src/stm32f3xx_hal_msp.c ****     __HAL_RCC_USART2_CLK_ENABLE();
  96:Src/stm32f3xx_hal_msp.c ****   
  97:Src/stm32f3xx_hal_msp.c ****     __HAL_RCC_GPIOA_CLK_ENABLE();
  98:Src/stm32f3xx_hal_msp.c ****     /**USART2 GPIO Configuration    
  99:Src/stm32f3xx_hal_msp.c ****     PA2     ------> USART2_TX
 100:Src/stm32f3xx_hal_msp.c ****     PA3     ------> USART2_RX 
 101:Src/stm32f3xx_hal_msp.c ****     */
 102:Src/stm32f3xx_hal_msp.c ****     GPIO_InitStruct.Pin = USART_TX_Pin|USART_RX_Pin;
 103:Src/stm32f3xx_hal_msp.c ****     GPIO_InitStruct.Mode = GPIO_MODE_AF_PP;
 104:Src/stm32f3xx_hal_msp.c ****     GPIO_InitStruct.Pull = GPIO_NOPULL;
 105:Src/stm32f3xx_hal_msp.c ****     GPIO_InitStruct.Speed = GPIO_SPEED_FREQ_LOW;
 106:Src/stm32f3xx_hal_msp.c ****     GPIO_InitStruct.Alternate = GPIO_AF7_USART2;
 107:Src/stm32f3xx_hal_msp.c ****     HAL_GPIO_Init(GPIOA, &GPIO_InitStruct);
 108:Src/stm32f3xx_hal_msp.c **** 
 109:Src/stm32f3xx_hal_msp.c ****   /* USER CODE BEGIN USART2_MspInit 1 */
 110:Src/stm32f3xx_hal_msp.c **** 
 111:Src/stm32f3xx_hal_msp.c ****   /* USER CODE END USART2_MspInit 1 */
 112:Src/stm32f3xx_hal_msp.c ****   }
 113:Src/stm32f3xx_hal_msp.c **** 
 114:Src/stm32f3xx_hal_msp.c **** }
 106              		.loc 1 114 0
 107 0018 09B0     		add	sp, sp, #36
 108              	.LCFI4:
 109              		.cfi_remember_state
 110              		.cfi_def_cfa_offset 4
 111              		@ sp needed
 112 001a 5DF804FB 		ldr	pc, [sp], #4
 113              	.LVL2:
 114              	.L8:
 115              	.LCFI5:
 116              		.cfi_restore_state
 117              	.LBB4:
ARM GAS  /tmp/ccNEIhJd.s 			page 5


  95:Src/stm32f3xx_hal_msp.c ****   
 118              		.loc 1 95 0
 119 001e 03F5E633 		add	r3, r3, #117760
 120 0022 DA69     		ldr	r2, [r3, #28]
 121 0024 42F40032 		orr	r2, r2, #131072
 122 0028 DA61     		str	r2, [r3, #28]
 123 002a DA69     		ldr	r2, [r3, #28]
 124 002c 02F40032 		and	r2, r2, #131072
 125 0030 0192     		str	r2, [sp, #4]
 126 0032 019A     		ldr	r2, [sp, #4]
 127              	.LBE4:
 128              	.LBB5:
  97:Src/stm32f3xx_hal_msp.c ****     /**USART2 GPIO Configuration    
 129              		.loc 1 97 0
 130 0034 5A69     		ldr	r2, [r3, #20]
 131 0036 42F40032 		orr	r2, r2, #131072
 132 003a 5A61     		str	r2, [r3, #20]
 133 003c 5B69     		ldr	r3, [r3, #20]
 134 003e 03F40033 		and	r3, r3, #131072
 135 0042 0293     		str	r3, [sp, #8]
 136 0044 029B     		ldr	r3, [sp, #8]
 137              	.LBE5:
 102:Src/stm32f3xx_hal_msp.c ****     GPIO_InitStruct.Mode = GPIO_MODE_AF_PP;
 138              		.loc 1 102 0
 139 0046 0C23     		movs	r3, #12
 140 0048 0393     		str	r3, [sp, #12]
 103:Src/stm32f3xx_hal_msp.c ****     GPIO_InitStruct.Pull = GPIO_NOPULL;
 141              		.loc 1 103 0
 142 004a 0223     		movs	r3, #2
 143 004c 0493     		str	r3, [sp, #16]
 106:Src/stm32f3xx_hal_msp.c ****     HAL_GPIO_Init(GPIOA, &GPIO_InitStruct);
 144              		.loc 1 106 0
 145 004e 0723     		movs	r3, #7
 146 0050 0793     		str	r3, [sp, #28]
 107:Src/stm32f3xx_hal_msp.c **** 
 147              		.loc 1 107 0
 148 0052 03A9     		add	r1, sp, #12
 149 0054 4FF09040 		mov	r0, #1207959552
 150              	.LVL3:
 151 0058 FFF7FEFF 		bl	HAL_GPIO_Init
 152              	.LVL4:
 153              		.loc 1 114 0
 154 005c DCE7     		b	.L5
 155              	.L10:
 156 005e 00BF     		.align	2
 157              	.L9:
 158 0060 00440040 		.word	1073759232
 159              		.cfi_endproc
 160              	.LFE131:
 162              		.section	.text.HAL_UART_MspDeInit,"ax",%progbits
 163              		.align	1
 164              		.global	HAL_UART_MspDeInit
 165              		.syntax unified
 166              		.thumb
 167              		.thumb_func
 168              		.fpu fpv4-sp-d16
 170              	HAL_UART_MspDeInit:
ARM GAS  /tmp/ccNEIhJd.s 			page 6


 171              	.LFB132:
 115:Src/stm32f3xx_hal_msp.c **** 
 116:Src/stm32f3xx_hal_msp.c **** /**
 117:Src/stm32f3xx_hal_msp.c **** * @brief UART MSP De-Initialization
 118:Src/stm32f3xx_hal_msp.c **** * This function freeze the hardware resources used in this example
 119:Src/stm32f3xx_hal_msp.c **** * @param huart: UART handle pointer
 120:Src/stm32f3xx_hal_msp.c **** * @retval None
 121:Src/stm32f3xx_hal_msp.c **** */
 122:Src/stm32f3xx_hal_msp.c **** void HAL_UART_MspDeInit(UART_HandleTypeDef* huart)
 123:Src/stm32f3xx_hal_msp.c **** {
 172              		.loc 1 123 0
 173              		.cfi_startproc
 174              		@ args = 0, pretend = 0, frame = 0
 175              		@ frame_needed = 0, uses_anonymous_args = 0
 176              	.LVL5:
 177 0000 08B5     		push	{r3, lr}
 178              	.LCFI6:
 179              		.cfi_def_cfa_offset 8
 180              		.cfi_offset 3, -8
 181              		.cfi_offset 14, -4
 124:Src/stm32f3xx_hal_msp.c ****   if(huart->Instance==USART2)
 182              		.loc 1 124 0
 183 0002 0268     		ldr	r2, [r0]
 184 0004 074B     		ldr	r3, .L15
 185 0006 9A42     		cmp	r2, r3
 186 0008 00D0     		beq	.L14
 187              	.LVL6:
 188              	.L11:
 189 000a 08BD     		pop	{r3, pc}
 190              	.LVL7:
 191              	.L14:
 125:Src/stm32f3xx_hal_msp.c ****   {
 126:Src/stm32f3xx_hal_msp.c ****   /* USER CODE BEGIN USART2_MspDeInit 0 */
 127:Src/stm32f3xx_hal_msp.c **** 
 128:Src/stm32f3xx_hal_msp.c ****   /* USER CODE END USART2_MspDeInit 0 */
 129:Src/stm32f3xx_hal_msp.c ****     /* Peripheral clock disable */
 130:Src/stm32f3xx_hal_msp.c ****     __HAL_RCC_USART2_CLK_DISABLE();
 192              		.loc 1 130 0
 193 000c 064A     		ldr	r2, .L15+4
 194 000e D369     		ldr	r3, [r2, #28]
 195 0010 23F40033 		bic	r3, r3, #131072
 196 0014 D361     		str	r3, [r2, #28]
 131:Src/stm32f3xx_hal_msp.c ****   
 132:Src/stm32f3xx_hal_msp.c ****     /**USART2 GPIO Configuration    
 133:Src/stm32f3xx_hal_msp.c ****     PA2     ------> USART2_TX
 134:Src/stm32f3xx_hal_msp.c ****     PA3     ------> USART2_RX 
 135:Src/stm32f3xx_hal_msp.c ****     */
 136:Src/stm32f3xx_hal_msp.c ****     HAL_GPIO_DeInit(GPIOA, USART_TX_Pin|USART_RX_Pin);
 197              		.loc 1 136 0
 198 0016 0C21     		movs	r1, #12
 199 0018 4FF09040 		mov	r0, #1207959552
 200              	.LVL8:
 201 001c FFF7FEFF 		bl	HAL_GPIO_DeInit
 202              	.LVL9:
 137:Src/stm32f3xx_hal_msp.c **** 
 138:Src/stm32f3xx_hal_msp.c ****   /* USER CODE BEGIN USART2_MspDeInit 1 */
 139:Src/stm32f3xx_hal_msp.c **** 
ARM GAS  /tmp/ccNEIhJd.s 			page 7


 140:Src/stm32f3xx_hal_msp.c ****   /* USER CODE END USART2_MspDeInit 1 */
 141:Src/stm32f3xx_hal_msp.c ****   }
 142:Src/stm32f3xx_hal_msp.c **** 
 143:Src/stm32f3xx_hal_msp.c **** }
 203              		.loc 1 143 0
 204 0020 F3E7     		b	.L11
 205              	.L16:
 206 0022 00BF     		.align	2
 207              	.L15:
 208 0024 00440040 		.word	1073759232
 209 0028 00100240 		.word	1073876992
 210              		.cfi_endproc
 211              	.LFE132:
 213              		.text
 214              	.Letext0:
 215              		.file 2 "/usr/include/newlib/machine/_default_types.h"
 216              		.file 3 "/usr/include/newlib/sys/_stdint.h"
 217              		.file 4 "Drivers/CMSIS/Include/core_cm4.h"
 218              		.file 5 "Drivers/CMSIS/Device/ST/STM32F3xx/Include/system_stm32f3xx.h"
 219              		.file 6 "Drivers/CMSIS/Device/ST/STM32F3xx/Include/stm32f303xe.h"
 220              		.file 7 "Drivers/STM32F3xx_HAL_Driver/Inc/stm32f3xx_hal_def.h"
 221              		.file 8 "Drivers/STM32F3xx_HAL_Driver/Inc/stm32f3xx_hal_gpio.h"
 222              		.file 9 "Drivers/STM32F3xx_HAL_Driver/Inc/stm32f3xx_hal_dma.h"
 223              		.file 10 "Drivers/STM32F3xx_HAL_Driver/Inc/stm32f3xx_hal_uart.h"
 224              		.file 11 "Drivers/STM32F3xx_HAL_Driver/Inc/stm32f3xx_hal.h"
ARM GAS  /tmp/ccNEIhJd.s 			page 8


DEFINED SYMBOLS
                            *ABS*:0000000000000000 stm32f3xx_hal_msp.c
     /tmp/ccNEIhJd.s:18     .text.HAL_MspInit:0000000000000000 $t
     /tmp/ccNEIhJd.s:25     .text.HAL_MspInit:0000000000000000 HAL_MspInit
     /tmp/ccNEIhJd.s:66     .text.HAL_MspInit:000000000000002c $d
     /tmp/ccNEIhJd.s:71     .text.HAL_UART_MspInit:0000000000000000 $t
     /tmp/ccNEIhJd.s:78     .text.HAL_UART_MspInit:0000000000000000 HAL_UART_MspInit
     /tmp/ccNEIhJd.s:158    .text.HAL_UART_MspInit:0000000000000060 $d
     /tmp/ccNEIhJd.s:163    .text.HAL_UART_MspDeInit:0000000000000000 $t
     /tmp/ccNEIhJd.s:170    .text.HAL_UART_MspDeInit:0000000000000000 HAL_UART_MspDeInit
     /tmp/ccNEIhJd.s:208    .text.HAL_UART_MspDeInit:0000000000000024 $d
                     .debug_frame:0000000000000010 $d

UNDEFINED SYMBOLS
HAL_GPIO_Init
HAL_GPIO_DeInit
